F:\PROJECT\FFMPEG\BASEVERSION\BASEVERSION\DEBUG\BASEVERSION.EXE.EMBED.MANIFEST
F:\PROJECT\FFMPEG\BASEVERSION\BASEVERSION\DEBUG\BASEVERSION.EXE.EMBED.MANIFEST.RES
F:\project\FFMPEG\BaseVersion\BaseVersion\Debug\BaseVersion.exe.intermediate.manifest
F:\PROJECT\FFMPEG\BASEVERSION\BASEVERSION\DEBUG\BASEVERSION.OBJ
F:\PROJECT\FFMPEG\BASEVERSION\BASEVERSION\DEBUG\BASEVERSION.PCH
F:\PROJECT\FFMPEG\BASEVERSION\BASEVERSION\DEBUG\BASEVERSION.RES
F:\project\FFMPEG\BaseVersion\BaseVersion\Debug\BaseVersion.vcxprojResolveAssemblyReference.cache
F:\project\FFMPEG\BaseVersion\BaseVersion\Debug\BaseVersion.write.1.tlog
F:\project\FFMPEG\BaseVersion\BaseVersion\Debug\BaseVersion_manifest.rc
F:\PROJECT\FFMPEG\BASEVERSION\BASEVERSION\DEBUG\BASEVERSIONDLG.OBJ
F:\project\FFMPEG\BaseVersion\BaseVersion\Debug\cl.command.1.tlog
F:\project\FFMPEG\BaseVersion\BaseVersion\Debug\CL.read.1.tlog
F:\project\FFMPEG\BaseVersion\BaseVersion\Debug\CL.write.1.tlog
F:\PROJECT\FFMPEG\BASEVERSION\BASEVERSION\DEBUG\CVVIMAGE.OBJ
F:\PROJECT\FFMPEG\BASEVERSION\BASEVERSION\DEBUG\EXAMPLE.OBJ
F:\PROJECT\FFMPEG\BASEVERSION\BASEVERSION\DEBUG\FFMPEG.OBJ
F:\PROJECT\FFMPEG\BASEVERSION\BASEVERSION\DEBUG\FORMATCHANGE.OBJ
F:\project\FFMPEG\BaseVersion\BaseVersion\Debug\link.8420.read.1.tlog
F:\project\FFMPEG\BaseVersion\BaseVersion\Debug\link.8420.write.1.tlog
F:\project\FFMPEG\BaseVersion\BaseVersion\Debug\link.8420-cvtres.read.1.tlog
F:\project\FFMPEG\BaseVersion\BaseVersion\Debug\link.8420-cvtres.write.1.tlog
F:\project\FFMPEG\BaseVersion\BaseVersion\Debug\link.8972.read.1.tlog
F:\project\FFMPEG\BaseVersion\BaseVersion\Debug\link.8972.write.1.tlog
F:\project\FFMPEG\BaseVersion\BaseVersion\Debug\link.8972-cvtres.read.1.tlog
F:\project\FFMPEG\BaseVersion\BaseVersion\Debug\link.8972-cvtres.write.1.tlog
F:\project\FFMPEG\BaseVersion\BaseVersion\Debug\link.9520.read.1.tlog
F:\project\FFMPEG\BaseVersion\BaseVersion\Debug\link.9520.write.1.tlog
F:\project\FFMPEG\BaseVersion\BaseVersion\Debug\link.9520-cvtres.read.1.tlog
F:\project\FFMPEG\BaseVersion\BaseVersion\Debug\link.9520-cvtres.write.1.tlog
F:\project\FFMPEG\BaseVersion\BaseVersion\Debug\link.9624.read.1.tlog
F:\project\FFMPEG\BaseVersion\BaseVersion\Debug\link.9624.write.1.tlog
F:\project\FFMPEG\BaseVersion\BaseVersion\Debug\link.9624-cvtres.read.1.tlog
F:\project\FFMPEG\BaseVersion\BaseVersion\Debug\link.9624-cvtres.write.1.tlog
F:\project\FFMPEG\BaseVersion\BaseVersion\Debug\link.command.1.tlog
F:\project\FFMPEG\BaseVersion\BaseVersion\Debug\link.read.1.tlog
F:\project\FFMPEG\BaseVersion\BaseVersion\Debug\link.write.1.tlog
F:\project\FFMPEG\BaseVersion\BaseVersion\Debug\link-cvtres.read.1.tlog
F:\project\FFMPEG\BaseVersion\BaseVersion\Debug\link-cvtres.write.1.tlog
F:\project\FFMPEG\BaseVersion\BaseVersion\Debug\mt.command.1.tlog
F:\project\FFMPEG\BaseVersion\BaseVersion\Debug\mt.read.1.tlog
F:\project\FFMPEG\BaseVersion\BaseVersion\Debug\mt.write.1.tlog
F:\PROJECT\FFMPEG\BASEVERSION\BASEVERSION\DEBUG\OPENCV.OBJ
F:\PROJECT\FFMPEG\BASEVERSION\BASEVERSION\DEBUG\OPENCVSELF.OBJ
F:\project\FFMPEG\BaseVersion\BaseVersion\Debug\rc.command.1.tlog
F:\project\FFMPEG\BaseVersion\BaseVersion\Debug\rc.read.1.tlog
F:\project\FFMPEG\BaseVersion\BaseVersion\Debug\rc.write.1.tlog
F:\PROJECT\FFMPEG\BASEVERSION\BASEVERSION\DEBUG\STDAFX.OBJ
F:\project\FFMPEG\BaseVersion\BaseVersion\Debug\vc100.idb
F:\PROJECT\FFMPEG\BASEVERSION\BASEVERSION\DEBUG\VC100.PDB
F:\project\FFMPEG\BaseVersion\Debug\BaseVersion.exe
