Build started 2017/9/25 22:53:56.
     1>Project "F:\project\FFMPEG\BaseVersion\BaseVersion\BaseVersion.vcxproj" on node 2 (build target(s)).
     1>InitializeBuildStatus:
         Touching "Release\BaseVersion.unsuccessfulbuild".
       ClCompile:
         All outputs are up-to-date.
         C:\Program Files (x86)\Microsoft Visual Studio 10.0\VC\bin\CL.exe /c /IF:\project\FFMPEG\BaseVersion\FFMPEG\include /IF:\project\FFMPEG\BaseVersion\Opencvlib\build\include\opencv /IF:\project\FFMPEG\BaseVersion\Opencvlib\build\include\opencv2 /IF:\project\FFMPEG\BaseVersion\Opencvlib\build\include /Zi /nologo /W3 /WX- /O2 /Oi /Oy- /GL /D WIN32 /D _WINDOWS /D NDEBUG /D _UNICODE /D UNICODE /D _AFXDLL /Gm- /EHsc /MD /GS /Gy /fp:precise /Zc:wchar_t /Zc:forScope /Yu"StdAfx.h" /Fp"Release\BaseVersion.pch" /Fo"Release\\" /Fd"Release\vc100.pdb" /Gd /TP /analyze- /errorReport:prompt BaseVersionDlg.cpp Example.cpp FormatChange.cpp OpencvSelf.cpp ffmpeg.cpp opencv.cpp
         BaseVersionDlg.cpp
     1>f:\project\ffmpeg\baseversion\opencvlib\build\include\opencv2\flann\logger.h(66): warning C4996: 'fopen': This function or variable may be unsafe. Consider using fopen_s instead. To disable deprecation, use _CRT_SECURE_NO_WARNINGS. See online help for details.
                 C:\Program Files (x86)\Microsoft Visual Studio 10.0\VC\include\stdio.h(234) : 参见“fopen”的声明
     1>f:\project\ffmpeg\baseversion\ffmpeg\include\libavutil\rational.h : warning C4819: 该文件包含不能在当前代码页(936)中表示的字符。请将该文件保存为 Unicode 格式以防止数据丢失
     1>f:\project\ffmpeg\baseversion\ffmpeg\include\libavutil\rational.h : warning C4819: 该文件包含不能在当前代码页(936)中表示的字符。请将该文件保存为 Unicode 格式以防止数据丢失
     1>f:\project\ffmpeg\baseversion\ffmpeg\include\libavutil\rational.h : warning C4819: 该文件包含不能在当前代码页(936)中表示的字符。请将该文件保存为 Unicode 格式以防止数据丢失
         Example.cpp
         FormatChange.cpp
         OpencvSelf.cpp
     1>f:\project\ffmpeg\baseversion\opencvlib\build\include\opencv2\flann\logger.h(66): warning C4996: 'fopen': This function or variable may be unsafe. Consider using fopen_s instead. To disable deprecation, use _CRT_SECURE_NO_WARNINGS. See online help for details.
                 C:\Program Files (x86)\Microsoft Visual Studio 10.0\VC\include\stdio.h(234) : 参见“fopen”的声明
     1>OpencvSelf.cpp(40): warning C4018: “<”: 有符号/无符号不匹配
     1>OpencvSelf.cpp(41): warning C4018: “<”: 有符号/无符号不匹配
     1>OpencvSelf.cpp(47): warning C4244: “=”: 从“unsigned int”转换到“float”，可能丢失数据
     1>OpencvSelf.cpp(65): warning C4018: “<”: 有符号/无符号不匹配
     1>OpencvSelf.cpp(66): warning C4018: “<”: 有符号/无符号不匹配
         ffmpeg.cpp
     1>f:\project\ffmpeg\baseversion\opencvlib\build\include\opencv2\flann\logger.h(66): warning C4996: 'fopen': This function or variable may be unsafe. Consider using fopen_s instead. To disable deprecation, use _CRT_SECURE_NO_WARNINGS. See online help for details.
                 C:\Program Files (x86)\Microsoft Visual Studio 10.0\VC\include\stdio.h(234) : 参见“fopen”的声明
     1>f:\project\ffmpeg\baseversion\ffmpeg\include\libavutil\rational.h : warning C4819: 该文件包含不能在当前代码页(936)中表示的字符。请将该文件保存为 Unicode 格式以防止数据丢失
     1>f:\project\ffmpeg\baseversion\ffmpeg\include\libavutil\rational.h : warning C4819: 该文件包含不能在当前代码页(936)中表示的字符。请将该文件保存为 Unicode 格式以防止数据丢失
     1>f:\project\ffmpeg\baseversion\ffmpeg\include\libavutil\rational.h : warning C4819: 该文件包含不能在当前代码页(936)中表示的字符。请将该文件保存为 Unicode 格式以防止数据丢失
     1>F:\project\FFMPEG\BaseVersion\FFMPEG\include\libavutil/rational.h : warning C4819: 该文件包含不能在当前代码页(936)中表示的字符。请将该文件保存为 Unicode 格式以防止数据丢失
     1>f:\project\ffmpeg\baseversion\ffmpeg\include\libavutil\rational.h : warning C4819: 该文件包含不能在当前代码页(936)中表示的字符。请将该文件保存为 Unicode 格式以防止数据丢失
     1>F:\project\FFMPEG\BaseVersion\FFMPEG\include\libavutil/rational.h : warning C4819: 该文件包含不能在当前代码页(936)中表示的字符。请将该文件保存为 Unicode 格式以防止数据丢失
     1>ffmpeg.cpp(148): warning C4996: 'AVStream::codec': 被声明为已否决
                 F:\project\FFMPEG\BaseVersion\FFMPEG\include\libavformat/avformat.h(893) : 参见“AVStream::codec”的声明
     1>ffmpeg.cpp(154): warning C4996: 'AVStream::codec': 被声明为已否决
                 F:\project\FFMPEG\BaseVersion\FFMPEG\include\libavformat/avformat.h(893) : 参见“AVStream::codec”的声明
     1>ffmpeg.cpp(169): warning C4996: 'AVStream::codec': 被声明为已否决
                 F:\project\FFMPEG\BaseVersion\FFMPEG\include\libavformat/avformat.h(893) : 参见“AVStream::codec”的声明
     1>ffmpeg.cpp(169): warning C4996: 'AVStream::codec': 被声明为已否决
                 F:\project\FFMPEG\BaseVersion\FFMPEG\include\libavformat/avformat.h(893) : 参见“AVStream::codec”的声明
     1>ffmpeg.cpp(174): warning C4996: 'AVStream::codec': 被声明为已否决
                 F:\project\FFMPEG\BaseVersion\FFMPEG\include\libavformat/avformat.h(893) : 参见“AVStream::codec”的声明
     1>ffmpeg.cpp(174): warning C4996: 'AVStream::codec': 被声明为已否决
                 F:\project\FFMPEG\BaseVersion\FFMPEG\include\libavformat/avformat.h(893) : 参见“AVStream::codec”的声明
     1>ffmpeg.cpp(176): warning C4996: 'AVStream::codec': 被声明为已否决
                 F:\project\FFMPEG\BaseVersion\FFMPEG\include\libavformat/avformat.h(893) : 参见“AVStream::codec”的声明
     1>ffmpeg.cpp(179): warning C4996: 'AVStream::codec': 被声明为已否决
                 F:\project\FFMPEG\BaseVersion\FFMPEG\include\libavformat/avformat.h(893) : 参见“AVStream::codec”的声明
     1>ffmpeg.cpp(180): warning C4996: 'AVStream::codec': 被声明为已否决
                 F:\project\FFMPEG\BaseVersion\FFMPEG\include\libavformat/avformat.h(893) : 参见“AVStream::codec”的声明
     1>ffmpeg.cpp(181): warning C4996: 'AVStream::codec': 被声明为已否决
                 F:\project\FFMPEG\BaseVersion\FFMPEG\include\libavformat/avformat.h(893) : 参见“AVStream::codec”的声明
     1>ffmpeg.cpp(181): warning C4996: 'AVStream::codec': 被声明为已否决
                 F:\project\FFMPEG\BaseVersion\FFMPEG\include\libavformat/avformat.h(893) : 参见“AVStream::codec”的声明
     1>ffmpeg.cpp(184): warning C4996: 'AVStream::codec': 被声明为已否决
                 F:\project\FFMPEG\BaseVersion\FFMPEG\include\libavformat/avformat.h(893) : 参见“AVStream::codec”的声明
     1>ffmpeg.cpp(188): warning C4996: 'AVStream::codec': 被声明为已否决
                 F:\project\FFMPEG\BaseVersion\FFMPEG\include\libavformat/avformat.h(893) : 参见“AVStream::codec”的声明
     1>ffmpeg.cpp(198): warning C4996: 'avpicture_get_size': 被声明为已否决
                 F:\project\FFMPEG\BaseVersion\FFMPEG\include\libavcodec/avcodec.h(5561) : 参见“avpicture_get_size”的声明
     1>ffmpeg.cpp(203): warning C4996: 'avpicture_fill': 被声明为已否决
                 F:\project\FFMPEG\BaseVersion\FFMPEG\include\libavcodec/avcodec.h(5546) : 参见“avpicture_fill”的声明
     1>ffmpeg.cpp(220): warning C4996: 'avcodec_decode_video2': 被声明为已否决
                 F:\project\FFMPEG\BaseVersion\FFMPEG\include\libavcodec/avcodec.h(4901) : 参见“avcodec_decode_video2”的声明
     1>ffmpeg.cpp(240): warning C4996: 'av_free_packet': 被声明为已否决
                 F:\project\FFMPEG\BaseVersion\FFMPEG\include\libavcodec/avcodec.h(4558) : 参见“av_free_packet”的声明
         opencv.cpp
     1>f:\project\ffmpeg\baseversion\opencvlib\build\include\opencv2\flann\logger.h(66): warning C4996: 'fopen': This function or variable may be unsafe. Consider using fopen_s instead. To disable deprecation, use _CRT_SECURE_NO_WARNINGS. See online help for details.
                 C:\Program Files (x86)\Microsoft Visual Studio 10.0\VC\include\stdio.h(234) : 参见“fopen”的声明
       ResourceCompile:
         All outputs are up-to-date.
       Link:
         C:\Program Files (x86)\Microsoft Visual Studio 10.0\VC\bin\link.exe /ERRORREPORT:PROMPT /OUT:"F:\project\FFMPEG\BaseVersion\Release\BaseVersion.exe" /INCREMENTAL:NO /NOLOGO /LIBPATH:F:\project\FFMPEG\BaseVersion\FFMPEG\lib /LIBPATH:F:\project\FFMPEG\BaseVersion\Opencvlib\build\x86\vc10\lib avcodec.lib avdevice.lib avfilter.lib avformat.lib avutil.lib postproc.lib swresample.lib swscale.lib opencv_core2410d.lib opencv_highgui2410d.lib opencv_video2410d.lib opencv_ml2410d.lib opencv_legacy2410d.lib opencv_imgproc2410d.lib /MANIFEST /ManifestFile:"Release\BaseVersion.exe.intermediate.manifest" /MANIFESTUAC:"level='asInvoker' uiAccess='false'" /DEBUG /PDB:"F:\project\FFMPEG\BaseVersion\Release\BaseVersion.pdb" /SUBSYSTEM:WINDOWS /OPT:NOREF /OPT:ICF /LTCG /TLBID:1 /ENTRY:"wWinMainCRTStartup" /DYNAMICBASE /NXCOMPAT /IMPLIB:"F:\project\FFMPEG\BaseVersion\Release\BaseVersion.lib" /MACHINE:X86 Release\BaseVersion.res
         Release\BaseVersion.obj
         Release\BaseVersionDlg.obj
         Release\CvvImage.obj
         Release\Example.obj
         Release\ffmpeg.obj
         Release\FormatChange.obj
         Release\opencv.obj
         Release\OpencvSelf.obj
         Release\stdafx.obj
         正在生成代码
         已完成代码的生成
         BaseVersion.vcxproj -> F:\project\FFMPEG\BaseVersion\Release\BaseVersion.exe
       Manifest:
         C:\Program Files (x86)\Microsoft SDKs\Windows\v7.0A\bin\mt.exe /nologo /verbose /outputresource:"F:\project\FFMPEG\BaseVersion\Release\BaseVersion.exe;#1" /manifest Release\BaseVersion.exe.intermediate.manifest "C:\Program Files (x86)\Microsoft Visual Studio 10.0\VC\Include\Manifest\dpiaware.manifest"
       FinalizeBuildStatus:
         Deleting file "Release\BaseVersion.unsuccessfulbuild".
         Touching "Release\BaseVersion.lastbuildstate".
     1>Done Building Project "F:\project\FFMPEG\BaseVersion\BaseVersion\BaseVersion.vcxproj" (build target(s)).

生成成功。

Time Elapsed 00:00:05.81
