F:\PROJECT\FFMPEG\BASEVERSION\BASEVERSION\RELEASE\BASEVERSION.EXE.INTERMEDIATE.MANIFEST
F:\PROJECT\FFMPEG\BASEVERSION\BASEVERSION\RELEASE\BASEVERSION.OBJ
F:\PROJECT\FFMPEG\BASEVERSION\BASEVERSION\RELEASE\BASEVERSION.PCH
F:\PROJECT\FFMPEG\BASEVERSION\BASEVERSION\RELEASE\BASEVERSION.RES
F:\project\FFMPEG\BaseVersion\BaseVersion\Release\BaseVersion.vcxprojResolveAssemblyReference.cache
F:\project\FFMPEG\BaseVersion\BaseVersion\Release\BaseVersion.write.1.tlog
F:\PROJECT\FFMPEG\BASEVERSION\BASEVERSION\RELEASE\BASEVERSIONDLG.OBJ
F:\project\FFMPEG\BaseVersion\BaseVersion\Release\cl.command.1.tlog
F:\project\FFMPEG\BaseVersion\BaseVersion\Release\CL.read.1.tlog
F:\project\FFMPEG\BaseVersion\BaseVersion\Release\CL.write.1.tlog
F:\PROJECT\FFMPEG\BASEVERSION\BASEVERSION\RELEASE\CVVIMAGE.OBJ
F:\PROJECT\FFMPEG\BASEVERSION\BASEVERSION\RELEASE\EXAMPLE.OBJ
F:\PROJECT\FFMPEG\BASEVERSION\BASEVERSION\RELEASE\FFMPEG.OBJ
F:\PROJECT\FFMPEG\BASEVERSION\BASEVERSION\RELEASE\FORMATCHANGE.OBJ
F:\project\FFMPEG\BaseVersion\BaseVersion\Release\link.command.1.tlog
F:\project\FFMPEG\BaseVersion\BaseVersion\Release\link.read.1.tlog
F:\project\FFMPEG\BaseVersion\BaseVersion\Release\link.write.1.tlog
F:\project\FFMPEG\BaseVersion\BaseVersion\Release\link-cvtres.read.1.tlog
F:\project\FFMPEG\BaseVersion\BaseVersion\Release\link-cvtres.write.1.tlog
F:\project\FFMPEG\BaseVersion\BaseVersion\Release\mt.command.1.tlog
F:\project\FFMPEG\BaseVersion\BaseVersion\Release\mt.read.1.tlog
F:\project\FFMPEG\BaseVersion\BaseVersion\Release\mt.read.2.tlog
F:\project\FFMPEG\BaseVersion\BaseVersion\Release\mt.write.1.tlog
F:\PROJECT\FFMPEG\BASEVERSION\BASEVERSION\RELEASE\OPENCV.OBJ
F:\project\FFMPEG\BaseVersion\BaseVersion\Release\rc.command.1.tlog
F:\project\FFMPEG\BaseVersion\BaseVersion\Release\rc.read.1.tlog
F:\project\FFMPEG\BaseVersion\BaseVersion\Release\rc.write.1.tlog
F:\PROJECT\FFMPEG\BASEVERSION\BASEVERSION\RELEASE\STDAFX.OBJ
F:\PROJECT\FFMPEG\BASEVERSION\BASEVERSION\RELEASE\VC100.PDB
F:\PROJECT\FFMPEG\BASEVERSION\RELEASE\BASEVERSION.EXE
F:\PROJECT\FFMPEG\BASEVERSION\RELEASE\BASEVERSION.PDB
